[ 2018-08-09T10:55:15+08:00 ] 127.0.0.1 127.0.0.1 GET /api.php
[ log ] 127.0.0.1/api.php [运行时间：0.777599s][吞吐率：1.29req/s] [内存消耗：1,481.98kb] [文件加载：45]
[ info ] [ LANG ] D:\phpStudy\WWW\APP\thinkphp\lang\zh-cn.php
[ info ] [ ROUTE ] array (
  'type' => 'module',
  'module' => 
  array (
    0 => '',
    1 => NULL,
    2 => NULL,
  ),
)
[ info ] [ HEADER ] array (
  'host' => '127.0.0.1',
  'connection' => 'keep-alive',
  'upgrade-insecure-requests' => '1',
  'user-agent' => 'Mozilla/5.0 (Windows NT 6.1; WOW64) AppleWebKit/537.36 (KHTML, like Gecko) Chrome/63.0.3239.132 Safari/537.36',
  'accept' => 'text/html,application/xhtml+xml,application/xml;q=0.9,image/webp,image/apng,*/*;q=0.8',
  'referer' => 'http://127.0.0.1/',
  'accept-encoding' => 'gzip, deflate, br',
  'accept-language' => 'zh-CN,zh;q=0.9',
)
[ info ] [ PARAM ] array (
)
[ info ] [ RUN ] app\index\controller\Index->index[ D:\phpStudy\WWW\APP\application\index\controller\Index.php ]
[ info ] [ LOG ] INIT File

---------------------------------------------------------------
[ 2018-08-09T10:56:02+08:00 ] 127.0.0.1 127.0.0.1 GET /api.php
[ log ] 127.0.0.1/api.php [运行时间：0.025503s][吞吐率：39.21req/s] [内存消耗：1,482.55kb] [文件加载：45]
[ info ] [ LANG ] D:\phpStudy\WWW\APP\thinkphp\lang\zh-cn.php
[ info ] [ ROUTE ] array (
  'type' => 'module',
  'module' => 
  array (
    0 => '',
    1 => NULL,
    2 => NULL,
  ),
)
[ info ] [ HEADER ] array (
  'host' => '127.0.0.1',
  'connection' => 'keep-alive',
  'cache-control' => 'max-age=0',
  'upgrade-insecure-requests' => '1',
  'user-agent' => 'Mozilla/5.0 (Windows NT 6.1; WOW64) AppleWebKit/537.36 (KHTML, like Gecko) Chrome/63.0.3239.132 Safari/537.36',
  'accept' => 'text/html,application/xhtml+xml,application/xml;q=0.9,image/webp,image/apng,*/*;q=0.8',
  'referer' => 'http://127.0.0.1/',
  'accept-encoding' => 'gzip, deflate, br',
  'accept-language' => 'zh-CN,zh;q=0.9',
  'cookie' => 'thinkphp_show_page_trace=0|0',
)
[ info ] [ PARAM ] array (
)
[ info ] [ RUN ] app\index\controller\Index->index[ D:\phpStudy\WWW\APP\application\index\controller\Index.php ]
[ info ] [ LOG ] INIT File

---------------------------------------------------------------
[ 2018-08-09T10:56:44+08:00 ] 127.0.0.1 127.0.0.1 GET /api.php
[ log ] 127.0.0.1/api.php [运行时间：0.028003s][吞吐率：35.71req/s] [内存消耗：1,482.91kb] [文件加载：45]
[ info ] [ LANG ] D:\phpStudy\WWW\APP\thinkphp\lang\zh-cn.php
[ info ] [ ROUTE ] array (
  'type' => 'module',
  'module' => 
  array (
    0 => '',
    1 => NULL,
    2 => NULL,
  ),
)
[ info ] [ HEADER ] array (
  'host' => '127.0.0.1',
  'connection' => 'keep-alive',
  'cache-control' => 'max-age=0',
  'upgrade-insecure-requests' => '1',
  'user-agent' => 'Mozilla/5.0 (Windows NT 6.1; WOW64) AppleWebKit/537.36 (KHTML, like Gecko) Chrome/63.0.3239.132 Safari/537.36',
  'accept' => 'text/html,application/xhtml+xml,application/xml;q=0.9,image/webp,image/apng,*/*;q=0.8',
  'referer' => 'http://127.0.0.1/',
  'accept-encoding' => 'gzip, deflate, br',
  'accept-language' => 'zh-CN,zh;q=0.9',
  'cookie' => 'thinkphp_show_page_trace=0|0',
)
[ info ] [ PARAM ] array (
)
[ info ] [ RUN ] app\index\controller\Index->index[ D:\phpStudy\WWW\APP\application\index\controller\Index.php ]
[ info ] [ LOG ] INIT File

---------------------------------------------------------------
[ 2018-08-09T10:57:08+08:00 ] 127.0.0.1 127.0.0.1 GET /api.php
[ log ] 127.0.0.1/api.php [运行时间：0.028003s][吞吐率：35.71req/s] [内存消耗：1,483.20kb] [文件加载：45]
[ info ] [ LANG ] D:\phpStudy\WWW\APP\thinkphp\lang\zh-cn.php
[ info ] [ ROUTE ] array (
  'type' => 'module',
  'module' => 
  array (
    0 => '',
    1 => NULL,
    2 => NULL,
  ),
)
[ info ] [ HEADER ] array (
  'host' => '127.0.0.1',
  'connection' => 'keep-alive',
  'cache-control' => 'max-age=0',
  'upgrade-insecure-requests' => '1',
  'user-agent' => 'Mozilla/5.0 (Windows NT 6.1; WOW64) AppleWebKit/537.36 (KHTML, like Gecko) Chrome/63.0.3239.132 Safari/537.36',
  'accept' => 'text/html,application/xhtml+xml,application/xml;q=0.9,image/webp,image/apng,*/*;q=0.8',
  'referer' => 'http://127.0.0.1/',
  'accept-encoding' => 'gzip, deflate, br',
  'accept-language' => 'zh-CN,zh;q=0.9',
  'cookie' => 'thinkphp_show_page_trace=0|0',
)
[ info ] [ PARAM ] array (
)
[ info ] [ RUN ] app\index\controller\Index->index[ D:\phpStudy\WWW\APP\application\index\controller\Index.php ]
[ info ] [ LOG ] INIT File

---------------------------------------------------------------
[ 2018-08-09T16:02:08+08:00 ] 127.0.0.1 127.0.0.1 GET /api.php
[ log ] 127.0.0.1/api.php [运行时间：2.524320s][吞吐率：0.40req/s] [内存消耗：1,483.65kb] [文件加载：45]
[ info ] [ LANG ] D:\phpStudy\WWW\APP\thinkphp\lang\zh-cn.php
[ info ] [ ROUTE ] array (
  'type' => 'module',
  'module' => 
  array (
    0 => '',
    1 => NULL,
    2 => NULL,
  ),
)
[ info ] [ HEADER ] array (
  'host' => '127.0.0.1',
  'connection' => 'keep-alive',
  'upgrade-insecure-requests' => '1',
  'user-agent' => 'Mozilla/5.0 (Windows NT 6.1; WOW64) AppleWebKit/537.36 (KHTML, like Gecko) Chrome/63.0.3239.132 Safari/537.36',
  'accept' => 'text/html,application/xhtml+xml,application/xml;q=0.9,image/webp,image/apng,*/*;q=0.8',
  'referer' => 'http://127.0.0.1/',
  'accept-encoding' => 'gzip, deflate, br',
  'accept-language' => 'zh-CN,zh;q=0.9',
)
[ info ] [ PARAM ] array (
)
[ info ] [ RUN ] app\index\controller\Index->index[ D:\phpStudy\WWW\APP\application\index\controller\Index.php ]
[ info ] [ LOG ] INIT File

---------------------------------------------------------------
[ 2018-08-09T16:02:55+08:00 ] 127.0.0.1 127.0.0.1 GET /api.php
[ log ] 127.0.0.1/api.php [运行时间：0.310540s][吞吐率：3.22req/s] [内存消耗：1,483.11kb] [文件加载：45]
[ info ] [ LANG ] D:\phpStudy\WWW\APP\thinkphp\lang\zh-cn.php
[ info ] [ ROUTE ] array (
  'type' => 'module',
  'module' => 
  array (
    0 => '',
    1 => NULL,
    2 => NULL,
  ),
)
[ info ] [ HEADER ] array (
  'host' => '127.0.0.1',
  'connection' => 'keep-alive',
  'cache-control' => 'max-age=0',
  'upgrade-insecure-requests' => '1',
  'user-agent' => 'Mozilla/5.0 (Windows NT 6.1; WOW64) AppleWebKit/537.36 (KHTML, like Gecko) Chrome/63.0.3239.132 Safari/537.36',
  'accept' => 'text/html,application/xhtml+xml,application/xml;q=0.9,image/webp,image/apng,*/*;q=0.8',
  'referer' => 'http://127.0.0.1/',
  'accept-encoding' => 'gzip, deflate, br',
  'accept-language' => 'zh-CN,zh;q=0.9',
  'cookie' => 'thinkphp_show_page_trace=0|0',
)
[ info ] [ PARAM ] array (
)
[ info ] [ RUN ] app\index\controller\Index->index[ D:\phpStudy\WWW\APP\application\index\controller\Index.php ]
[ info ] [ LOG ] INIT File

---------------------------------------------------------------
[ 2018-08-09T16:03:27+08:00 ] 127.0.0.1 127.0.0.1 GET /api.php
[ log ] 127.0.0.1/api.php [运行时间：0.077010s][吞吐率：12.99req/s] [内存消耗：1,484.47kb] [文件加载：45]
[ info ] [ LANG ] D:\phpStudy\WWW\APP\thinkphp\lang\zh-cn.php
[ info ] [ ROUTE ] array (
  'type' => 'module',
  'module' => 
  array (
    0 => '',
    1 => NULL,
    2 => NULL,
  ),
)
[ info ] [ HEADER ] array (
  'host' => '127.0.0.1',
  'connection' => 'keep-alive',
  'cache-control' => 'max-age=0',
  'upgrade-insecure-requests' => '1',
  'user-agent' => 'Mozilla/5.0 (Windows NT 6.1; WOW64) AppleWebKit/537.36 (KHTML, like Gecko) Chrome/63.0.3239.132 Safari/537.36',
  'accept' => 'text/html,application/xhtml+xml,application/xml;q=0.9,image/webp,image/apng,*/*;q=0.8',
  'referer' => 'http://127.0.0.1/',
  'accept-encoding' => 'gzip, deflate, br',
  'accept-language' => 'zh-CN,zh;q=0.9',
  'cookie' => 'thinkphp_show_page_trace=0|0',
)
[ info ] [ PARAM ] array (
)
[ info ] [ RUN ] app\index\controller\Index->index[ D:\phpStudy\WWW\APP\application\index\controller\Index.php ]
[ info ] [ LOG ] INIT File

---------------------------------------------------------------
[ 2018-08-09T16:03:40+08:00 ] 127.0.0.1 127.0.0.1 GET /api.php
[ log ] 127.0.0.1/api.php [运行时间：0.024503s][吞吐率：40.81req/s] [内存消耗：1,484.47kb] [文件加载：45]
[ info ] [ LANG ] D:\phpStudy\WWW\APP\thinkphp\lang\zh-cn.php
[ info ] [ ROUTE ] array (
  'type' => 'module',
  'module' => 
  array (
    0 => '',
    1 => NULL,
    2 => NULL,
  ),
)
[ info ] [ HEADER ] array (
  'host' => '127.0.0.1',
  'connection' => 'keep-alive',
  'cache-control' => 'max-age=0',
  'upgrade-insecure-requests' => '1',
  'user-agent' => 'Mozilla/5.0 (Windows NT 6.1; WOW64) AppleWebKit/537.36 (KHTML, like Gecko) Chrome/63.0.3239.132 Safari/537.36',
  'accept' => 'text/html,application/xhtml+xml,application/xml;q=0.9,image/webp,image/apng,*/*;q=0.8',
  'referer' => 'http://127.0.0.1/',
  'accept-encoding' => 'gzip, deflate, br',
  'accept-language' => 'zh-CN,zh;q=0.9',
  'cookie' => 'thinkphp_show_page_trace=0|0',
)
[ info ] [ PARAM ] array (
)
[ info ] [ RUN ] app\index\controller\Index->index[ D:\phpStudy\WWW\APP\application\index\controller\Index.php ]
[ info ] [ LOG ] INIT File

---------------------------------------------------------------
[ 2018-08-09T16:03:40+08:00 ] 127.0.0.1 127.0.0.1 GET /api.php
[ log ] 127.0.0.1/api.php [运行时间：0.024003s][吞吐率：41.66req/s] [内存消耗：1,484.47kb] [文件加载：45]
[ info ] [ LANG ] D:\phpStudy\WWW\APP\thinkphp\lang\zh-cn.php
[ info ] [ ROUTE ] array (
  'type' => 'module',
  'module' => 
  array (
    0 => '',
    1 => NULL,
    2 => NULL,
  ),
)
[ info ] [ HEADER ] array (
  'host' => '127.0.0.1',
  'connection' => 'keep-alive',
  'cache-control' => 'max-age=0',
  'upgrade-insecure-requests' => '1',
  'user-agent' => 'Mozilla/5.0 (Windows NT 6.1; WOW64) AppleWebKit/537.36 (KHTML, like Gecko) Chrome/63.0.3239.132 Safari/537.36',
  'accept' => 'text/html,application/xhtml+xml,application/xml;q=0.9,image/webp,image/apng,*/*;q=0.8',
  'referer' => 'http://127.0.0.1/',
  'accept-encoding' => 'gzip, deflate, br',
  'accept-language' => 'zh-CN,zh;q=0.9',
  'cookie' => 'thinkphp_show_page_trace=0|0',
)
[ info ] [ PARAM ] array (
)
[ info ] [ RUN ] app\index\controller\Index->index[ D:\phpStudy\WWW\APP\application\index\controller\Index.php ]
[ info ] [ LOG ] INIT File

---------------------------------------------------------------
[ 2018-08-09T16:03:41+08:00 ] 127.0.0.1 127.0.0.1 GET /api.php
[ log ] 127.0.0.1/api.php [运行时间：0.024003s][吞吐率：41.66req/s] [内存消耗：1,484.47kb] [文件加载：45]
[ info ] [ LANG ] D:\phpStudy\WWW\APP\thinkphp\lang\zh-cn.php
[ info ] [ ROUTE ] array (
  'type' => 'module',
  'module' => 
  array (
    0 => '',
    1 => NULL,
    2 => NULL,
  ),
)
[ info ] [ HEADER ] array (
  'host' => '127.0.0.1',
  'connection' => 'keep-alive',
  'cache-control' => 'max-age=0',
  'upgrade-insecure-requests' => '1',
  'user-agent' => 'Mozilla/5.0 (Windows NT 6.1; WOW64) AppleWebKit/537.36 (KHTML, like Gecko) Chrome/63.0.3239.132 Safari/537.36',
  'accept' => 'text/html,application/xhtml+xml,application/xml;q=0.9,image/webp,image/apng,*/*;q=0.8',
  'referer' => 'http://127.0.0.1/',
  'accept-encoding' => 'gzip, deflate, br',
  'accept-language' => 'zh-CN,zh;q=0.9',
  'cookie' => 'thinkphp_show_page_trace=0|0',
)
[ info ] [ PARAM ] array (
)
[ info ] [ RUN ] app\index\controller\Index->index[ D:\phpStudy\WWW\APP\application\index\controller\Index.php ]
[ info ] [ LOG ] INIT File

---------------------------------------------------------------
[ 2018-08-09T16:03:41+08:00 ] 127.0.0.1 127.0.0.1 GET /api.php
[ log ] 127.0.0.1/api.php [运行时间：0.024503s][吞吐率：40.81req/s] [内存消耗：1,484.47kb] [文件加载：45]
[ info ] [ LANG ] D:\phpStudy\WWW\APP\thinkphp\lang\zh-cn.php
[ info ] [ ROUTE ] array (
  'type' => 'module',
  'module' => 
  array (
    0 => '',
    1 => NULL,
    2 => NULL,
  ),
)
[ info ] [ HEADER ] array (
  'host' => '127.0.0.1',
  'connection' => 'keep-alive',
  'cache-control' => 'max-age=0',
  'upgrade-insecure-requests' => '1',
  'user-agent' => 'Mozilla/5.0 (Windows NT 6.1; WOW64) AppleWebKit/537.36 (KHTML, like Gecko) Chrome/63.0.3239.132 Safari/537.36',
  'accept' => 'text/html,application/xhtml+xml,application/xml;q=0.9,image/webp,image/apng,*/*;q=0.8',
  'referer' => 'http://127.0.0.1/',
  'accept-encoding' => 'gzip, deflate, br',
  'accept-language' => 'zh-CN,zh;q=0.9',
  'cookie' => 'thinkphp_show_page_trace=0|0',
)
[ info ] [ PARAM ] array (
)
[ info ] [ RUN ] app\index\controller\Index->index[ D:\phpStudy\WWW\APP\application\index\controller\Index.php ]
[ info ] [ LOG ] INIT File

---------------------------------------------------------------
[ 2018-08-09T16:03:41+08:00 ] 127.0.0.1 127.0.0.1 GET /api.php
[ log ] 127.0.0.1/api.php [运行时间：0.025003s][吞吐率：39.99req/s] [内存消耗：1,484.47kb] [文件加载：45]
[ info ] [ LANG ] D:\phpStudy\WWW\APP\thinkphp\lang\zh-cn.php
[ info ] [ ROUTE ] array (
  'type' => 'module',
  'module' => 
  array (
    0 => '',
    1 => NULL,
    2 => NULL,
  ),
)
[ info ] [ HEADER ] array (
  'host' => '127.0.0.1',
  'connection' => 'keep-alive',
  'cache-control' => 'max-age=0',
  'upgrade-insecure-requests' => '1',
  'user-agent' => 'Mozilla/5.0 (Windows NT 6.1; WOW64) AppleWebKit/537.36 (KHTML, like Gecko) Chrome/63.0.3239.132 Safari/537.36',
  'accept' => 'text/html,application/xhtml+xml,application/xml;q=0.9,image/webp,image/apng,*/*;q=0.8',
  'referer' => 'http://127.0.0.1/',
  'accept-encoding' => 'gzip, deflate, br',
  'accept-language' => 'zh-CN,zh;q=0.9',
  'cookie' => 'thinkphp_show_page_trace=0|0',
)
[ info ] [ PARAM ] array (
)
[ info ] [ RUN ] app\index\controller\Index->index[ D:\phpStudy\WWW\APP\application\index\controller\Index.php ]
[ info ] [ LOG ] INIT File

---------------------------------------------------------------
[ 2018-08-09T16:03:41+08:00 ] 127.0.0.1 127.0.0.1 GET /api.php
[ log ] 127.0.0.1/api.php [运行时间：0.024503s][吞吐率：40.81req/s] [内存消耗：1,484.47kb] [文件加载：45]
[ info ] [ LANG ] D:\phpStudy\WWW\APP\thinkphp\lang\zh-cn.php
[ info ] [ ROUTE ] array (
  'type' => 'module',
  'module' => 
  array (
    0 => '',
    1 => NULL,
    2 => NULL,
  ),
)
[ info ] [ HEADER ] array (
  'host' => '127.0.0.1',
  'connection' => 'keep-alive',
  'cache-control' => 'max-age=0',
  'upgrade-insecure-requests' => '1',
  'user-agent' => 'Mozilla/5.0 (Windows NT 6.1; WOW64) AppleWebKit/537.36 (KHTML, like Gecko) Chrome/63.0.3239.132 Safari/537.36',
  'accept' => 'text/html,application/xhtml+xml,application/xml;q=0.9,image/webp,image/apng,*/*;q=0.8',
  'referer' => 'http://127.0.0.1/',
  'accept-encoding' => 'gzip, deflate, br',
  'accept-language' => 'zh-CN,zh;q=0.9',
  'cookie' => 'thinkphp_show_page_trace=0|0',
)
[ info ] [ PARAM ] array (
)
[ info ] [ RUN ] app\index\controller\Index->index[ D:\phpStudy\WWW\APP\application\index\controller\Index.php ]
[ info ] [ LOG ] INIT File

---------------------------------------------------------------
[ 2018-08-09T16:03:42+08:00 ] 127.0.0.1 127.0.0.1 GET /api.php
[ log ] 127.0.0.1/api.php [运行时间：0.024503s][吞吐率：40.81req/s] [内存消耗：1,484.47kb] [文件加载：45]
[ info ] [ LANG ] D:\phpStudy\WWW\APP\thinkphp\lang\zh-cn.php
[ info ] [ ROUTE ] array (
  'type' => 'module',
  'module' => 
  array (
    0 => '',
    1 => NULL,
    2 => NULL,
  ),
)
[ info ] [ HEADER ] array (
  'host' => '127.0.0.1',
  'connection' => 'keep-alive',
  'cache-control' => 'max-age=0',
  'upgrade-insecure-requests' => '1',
  'user-agent' => 'Mozilla/5.0 (Windows NT 6.1; WOW64) AppleWebKit/537.36 (KHTML, like Gecko) Chrome/63.0.3239.132 Safari/537.36',
  'accept' => 'text/html,application/xhtml+xml,application/xml;q=0.9,image/webp,image/apng,*/*;q=0.8',
  'referer' => 'http://127.0.0.1/',
  'accept-encoding' => 'gzip, deflate, br',
  'accept-language' => 'zh-CN,zh;q=0.9',
  'cookie' => 'thinkphp_show_page_trace=0|0',
)
[ info ] [ PARAM ] array (
)
[ info ] [ RUN ] app\index\controller\Index->index[ D:\phpStudy\WWW\APP\application\index\controller\Index.php ]
[ info ] [ LOG ] INIT File

---------------------------------------------------------------
[ 2018-08-09T16:03:42+08:00 ] 127.0.0.1 127.0.0.1 GET /api.php
[ log ] 127.0.0.1/api.php [运行时间：0.029504s][吞吐率：33.89req/s] [内存消耗：1,484.55kb] [文件加载：45]
[ info ] [ LANG ] D:\phpStudy\WWW\APP\thinkphp\lang\zh-cn.php
[ info ] [ ROUTE ] array (
  'type' => 'module',
  'module' => 
  array (
    0 => '',
    1 => NULL,
    2 => NULL,
  ),
)
[ info ] [ HEADER ] array (
  'host' => '127.0.0.1',
  'connection' => 'keep-alive',
  'cache-control' => 'max-age=0',
  'upgrade-insecure-requests' => '1',
  'user-agent' => 'Mozilla/5.0 (Windows NT 6.1; WOW64) AppleWebKit/537.36 (KHTML, like Gecko) Chrome/63.0.3239.132 Safari/537.36',
  'accept' => 'text/html,application/xhtml+xml,application/xml;q=0.9,image/webp,image/apng,*/*;q=0.8',
  'referer' => 'http://127.0.0.1/',
  'accept-encoding' => 'gzip, deflate, br',
  'accept-language' => 'zh-CN,zh;q=0.9',
  'cookie' => 'thinkphp_show_page_trace=0|0',
)
[ info ] [ PARAM ] array (
)
[ info ] [ RUN ] app\index\controller\Index->index[ D:\phpStudy\WWW\APP\application\index\controller\Index.php ]
[ info ] [ LOG ] INIT File

---------------------------------------------------------------
[ 2018-08-09T16:03:42+08:00 ] 127.0.0.1 127.0.0.1 GET /api.php
[ log ] 127.0.0.1/api.php [运行时间：0.024003s][吞吐率：41.66req/s] [内存消耗：1,484.47kb] [文件加载：45]
[ info ] [ LANG ] D:\phpStudy\WWW\APP\thinkphp\lang\zh-cn.php
[ info ] [ ROUTE ] array (
  'type' => 'module',
  'module' => 
  array (
    0 => '',
    1 => NULL,
    2 => NULL,
  ),
)
[ info ] [ HEADER ] array (
  'host' => '127.0.0.1',
  'connection' => 'keep-alive',
  'cache-control' => 'max-age=0',
  'upgrade-insecure-requests' => '1',
  'user-agent' => 'Mozilla/5.0 (Windows NT 6.1; WOW64) AppleWebKit/537.36 (KHTML, like Gecko) Chrome/63.0.3239.132 Safari/537.36',
  'accept' => 'text/html,application/xhtml+xml,application/xml;q=0.9,image/webp,image/apng,*/*;q=0.8',
  'referer' => 'http://127.0.0.1/',
  'accept-encoding' => 'gzip, deflate, br',
  'accept-language' => 'zh-CN,zh;q=0.9',
  'cookie' => 'thinkphp_show_page_trace=0|0',
)
[ info ] [ PARAM ] array (
)
[ info ] [ RUN ] app\index\controller\Index->index[ D:\phpStudy\WWW\APP\application\index\controller\Index.php ]
[ info ] [ LOG ] INIT File

---------------------------------------------------------------
[ 2018-08-09T16:03:48+08:00 ] 127.0.0.1 127.0.0.1 GET /api.php
[ log ] 127.0.0.1/api.php [运行时间：0.025003s][吞吐率：40.00req/s] [内存消耗：1,484.47kb] [文件加载：45]
[ info ] [ LANG ] D:\phpStudy\WWW\APP\thinkphp\lang\zh-cn.php
[ info ] [ ROUTE ] array (
  'type' => 'module',
  'module' => 
  array (
    0 => '',
    1 => NULL,
    2 => NULL,
  ),
)
[ info ] [ HEADER ] array (
  'host' => '127.0.0.1',
  'connection' => 'keep-alive',
  'cache-control' => 'max-age=0',
  'upgrade-insecure-requests' => '1',
  'user-agent' => 'Mozilla/5.0 (Windows NT 6.1; WOW64) AppleWebKit/537.36 (KHTML, like Gecko) Chrome/63.0.3239.132 Safari/537.36',
  'accept' => 'text/html,application/xhtml+xml,application/xml;q=0.9,image/webp,image/apng,*/*;q=0.8',
  'referer' => 'http://127.0.0.1/',
  'accept-encoding' => 'gzip, deflate, br',
  'accept-language' => 'zh-CN,zh;q=0.9',
  'cookie' => 'thinkphp_show_page_trace=0|0',
)
[ info ] [ PARAM ] array (
)
[ info ] [ RUN ] app\index\controller\Index->index[ D:\phpStudy\WWW\APP\application\index\controller\Index.php ]
[ info ] [ LOG ] INIT File

---------------------------------------------------------------
[ 2018-08-09T16:03:50+08:00 ] 127.0.0.1 127.0.0.1 GET /api.php
[ log ] 127.0.0.1/api.php [运行时间：0.025003s][吞吐率：40.00req/s] [内存消耗：1,484.47kb] [文件加载：45]
[ info ] [ LANG ] D:\phpStudy\WWW\APP\thinkphp\lang\zh-cn.php
[ info ] [ ROUTE ] array (
  'type' => 'module',
  'module' => 
  array (
    0 => '',
    1 => NULL,
    2 => NULL,
  ),
)
[ info ] [ HEADER ] array (
  'host' => '127.0.0.1',
  'connection' => 'keep-alive',
  'cache-control' => 'max-age=0',
  'upgrade-insecure-requests' => '1',
  'user-agent' => 'Mozilla/5.0 (Windows NT 6.1; WOW64) AppleWebKit/537.36 (KHTML, like Gecko) Chrome/63.0.3239.132 Safari/537.36',
  'accept' => 'text/html,application/xhtml+xml,application/xml;q=0.9,image/webp,image/apng,*/*;q=0.8',
  'referer' => 'http://127.0.0.1/',
  'accept-encoding' => 'gzip, deflate, br',
  'accept-language' => 'zh-CN,zh;q=0.9',
  'cookie' => 'thinkphp_show_page_trace=0|0',
)
[ info ] [ PARAM ] array (
)
[ info ] [ RUN ] app\index\controller\Index->index[ D:\phpStudy\WWW\APP\application\index\controller\Index.php ]
[ info ] [ LOG ] INIT File

---------------------------------------------------------------
[ 2018-08-09T16:04:00+08:00 ] 127.0.0.1 127.0.0.1 GET /api.php
[ log ] 127.0.0.1/api.php [运行时间：0.024003s][吞吐率：41.66req/s] [内存消耗：1,484.47kb] [文件加载：45]
[ info ] [ LANG ] D:\phpStudy\WWW\APP\thinkphp\lang\zh-cn.php
[ info ] [ ROUTE ] array (
  'type' => 'module',
  'module' => 
  array (
    0 => '',
    1 => NULL,
    2 => NULL,
  ),
)
[ info ] [ HEADER ] array (
  'host' => '127.0.0.1',
  'connection' => 'keep-alive',
  'cache-control' => 'max-age=0',
  'upgrade-insecure-requests' => '1',
  'user-agent' => 'Mozilla/5.0 (Windows NT 6.1; WOW64) AppleWebKit/537.36 (KHTML, like Gecko) Chrome/63.0.3239.132 Safari/537.36',
  'accept' => 'text/html,application/xhtml+xml,application/xml;q=0.9,image/webp,image/apng,*/*;q=0.8',
  'referer' => 'http://127.0.0.1/',
  'accept-encoding' => 'gzip, deflate, br',
  'accept-language' => 'zh-CN,zh;q=0.9',
  'cookie' => 'thinkphp_show_page_trace=0|0',
)
[ info ] [ PARAM ] array (
)
[ info ] [ RUN ] app\index\controller\Index->index[ D:\phpStudy\WWW\APP\application\index\controller\Index.php ]
[ info ] [ LOG ] INIT File

---------------------------------------------------------------
[ 2018-08-09T16:04:01+08:00 ] 127.0.0.1 127.0.0.1 GET /api.php
[ log ] 127.0.0.1/api.php [运行时间：0.024003s][吞吐率：41.66req/s] [内存消耗：1,484.47kb] [文件加载：45]
[ info ] [ LANG ] D:\phpStudy\WWW\APP\thinkphp\lang\zh-cn.php
[ info ] [ ROUTE ] array (
  'type' => 'module',
  'module' => 
  array (
    0 => '',
    1 => NULL,
    2 => NULL,
  ),
)
[ info ] [ HEADER ] array (
  'host' => '127.0.0.1',
  'connection' => 'keep-alive',
  'cache-control' => 'max-age=0',
  'upgrade-insecure-requests' => '1',
  'user-agent' => 'Mozilla/5.0 (Windows NT 6.1; WOW64) AppleWebKit/537.36 (KHTML, like Gecko) Chrome/63.0.3239.132 Safari/537.36',
  'accept' => 'text/html,application/xhtml+xml,application/xml;q=0.9,image/webp,image/apng,*/*;q=0.8',
  'referer' => 'http://127.0.0.1/',
  'accept-encoding' => 'gzip, deflate, br',
  'accept-language' => 'zh-CN,zh;q=0.9',
  'cookie' => 'thinkphp_show_page_trace=0|0',
)
[ info ] [ PARAM ] array (
)
[ info ] [ RUN ] app\index\controller\Index->index[ D:\phpStudy\WWW\APP\application\index\controller\Index.php ]
[ info ] [ LOG ] INIT File

---------------------------------------------------------------
[ 2018-08-09T16:04:01+08:00 ] 127.0.0.1 127.0.0.1 GET /api.php
[ log ] 127.0.0.1/api.php [运行时间：0.025003s][吞吐率：40.00req/s] [内存消耗：1,484.47kb] [文件加载：45]
[ info ] [ LANG ] D:\phpStudy\WWW\APP\thinkphp\lang\zh-cn.php
[ info ] [ ROUTE ] array (
  'type' => 'module',
  'module' => 
  array (
    0 => '',
    1 => NULL,
    2 => NULL,
  ),
)
[ info ] [ HEADER ] array (
  'host' => '127.0.0.1',
  'connection' => 'keep-alive',
  'cache-control' => 'max-age=0',
  'upgrade-insecure-requests' => '1',
  'user-agent' => 'Mozilla/5.0 (Windows NT 6.1; WOW64) AppleWebKit/537.36 (KHTML, like Gecko) Chrome/63.0.3239.132 Safari/537.36',
  'accept' => 'text/html,application/xhtml+xml,application/xml;q=0.9,image/webp,image/apng,*/*;q=0.8',
  'referer' => 'http://127.0.0.1/',
  'accept-encoding' => 'gzip, deflate, br',
  'accept-language' => 'zh-CN,zh;q=0.9',
  'cookie' => 'thinkphp_show_page_trace=0|0',
)
[ info ] [ PARAM ] array (
)
[ info ] [ RUN ] app\index\controller\Index->index[ D:\phpStudy\WWW\APP\application\index\controller\Index.php ]
[ info ] [ LOG ] INIT File

---------------------------------------------------------------
[ 2018-08-09T16:04:01+08:00 ] 127.0.0.1 127.0.0.1 GET /api.php
[ log ] 127.0.0.1/api.php [运行时间：0.023503s][吞吐率：42.55req/s] [内存消耗：1,484.47kb] [文件加载：45]
[ info ] [ LANG ] D:\phpStudy\WWW\APP\thinkphp\lang\zh-cn.php
[ info ] [ ROUTE ] array (
  'type' => 'module',
  'module' => 
  array (
    0 => '',
    1 => NULL,
    2 => NULL,
  ),
)
[ info ] [ HEADER ] array (
  'host' => '127.0.0.1',
  'connection' => 'keep-alive',
  'cache-control' => 'max-age=0',
  'upgrade-insecure-requests' => '1',
  'user-agent' => 'Mozilla/5.0 (Windows NT 6.1; WOW64) AppleWebKit/537.36 (KHTML, like Gecko) Chrome/63.0.3239.132 Safari/537.36',
  'accept' => 'text/html,application/xhtml+xml,application/xml;q=0.9,image/webp,image/apng,*/*;q=0.8',
  'referer' => 'http://127.0.0.1/',
  'accept-encoding' => 'gzip, deflate, br',
  'accept-language' => 'zh-CN,zh;q=0.9',
  'cookie' => 'thinkphp_show_page_trace=0|0',
)
[ info ] [ PARAM ] array (
)
[ info ] [ RUN ] app\index\controller\Index->index[ D:\phpStudy\WWW\APP\application\index\controller\Index.php ]
[ info ] [ LOG ] INIT File

---------------------------------------------------------------
[ 2018-08-09T16:04:01+08:00 ] 127.0.0.1 127.0.0.1 GET /api.php
[ log ] 127.0.0.1/api.php [运行时间：0.023503s][吞吐率：42.55req/s] [内存消耗：1,484.47kb] [文件加载：45]
[ info ] [ LANG ] D:\phpStudy\WWW\APP\thinkphp\lang\zh-cn.php
[ info ] [ ROUTE ] array (
  'type' => 'module',
  'module' => 
  array (
    0 => '',
    1 => NULL,
    2 => NULL,
  ),
)
[ info ] [ HEADER ] array (
  'host' => '127.0.0.1',
  'connection' => 'keep-alive',
  'cache-control' => 'max-age=0',
  'upgrade-insecure-requests' => '1',
  'user-agent' => 'Mozilla/5.0 (Windows NT 6.1; WOW64) AppleWebKit/537.36 (KHTML, like Gecko) Chrome/63.0.3239.132 Safari/537.36',
  'accept' => 'text/html,application/xhtml+xml,application/xml;q=0.9,image/webp,image/apng,*/*;q=0.8',
  'referer' => 'http://127.0.0.1/',
  'accept-encoding' => 'gzip, deflate, br',
  'accept-language' => 'zh-CN,zh;q=0.9',
  'cookie' => 'thinkphp_show_page_trace=0|0',
)
[ info ] [ PARAM ] array (
)
[ info ] [ RUN ] app\index\controller\Index->index[ D:\phpStudy\WWW\APP\application\index\controller\Index.php ]
[ info ] [ LOG ] INIT File

---------------------------------------------------------------
[ 2018-08-09T16:04:02+08:00 ] 127.0.0.1 127.0.0.1 GET /api.php
[ log ] 127.0.0.1/api.php [运行时间：0.023503s][吞吐率：42.55req/s] [内存消耗：1,484.47kb] [文件加载：45]
[ info ] [ LANG ] D:\phpStudy\WWW\APP\thinkphp\lang\zh-cn.php
[ info ] [ ROUTE ] array (
  'type' => 'module',
  'module' => 
  array (
    0 => '',
    1 => NULL,
    2 => NULL,
  ),
)
[ info ] [ HEADER ] array (
  'host' => '127.0.0.1',
  'connection' => 'keep-alive',
  'cache-control' => 'max-age=0',
  'upgrade-insecure-requests' => '1',
  'user-agent' => 'Mozilla/5.0 (Windows NT 6.1; WOW64) AppleWebKit/537.36 (KHTML, like Gecko) Chrome/63.0.3239.132 Safari/537.36',
  'accept' => 'text/html,application/xhtml+xml,application/xml;q=0.9,image/webp,image/apng,*/*;q=0.8',
  'referer' => 'http://127.0.0.1/',
  'accept-encoding' => 'gzip, deflate, br',
  'accept-language' => 'zh-CN,zh;q=0.9',
  'cookie' => 'thinkphp_show_page_trace=0|0',
)
[ info ] [ PARAM ] array (
)
[ info ] [ RUN ] app\index\controller\Index->index[ D:\phpStudy\WWW\APP\application\index\controller\Index.php ]
[ info ] [ LOG ] INIT File

---------------------------------------------------------------
[ 2018-08-09T16:04:02+08:00 ] 127.0.0.1 127.0.0.1 GET /api.php
[ log ] 127.0.0.1/api.php [运行时间：0.023503s][吞吐率：42.55req/s] [内存消耗：1,484.47kb] [文件加载：45]
[ info ] [ LANG ] D:\phpStudy\WWW\APP\thinkphp\lang\zh-cn.php
[ info ] [ ROUTE ] array (
  'type' => 'module',
  'module' => 
  array (
    0 => '',
    1 => NULL,
    2 => NULL,
  ),
)
[ info ] [ HEADER ] array (
  'host' => '127.0.0.1',
  'connection' => 'keep-alive',
  'cache-control' => 'max-age=0',
  'upgrade-insecure-requests' => '1',
  'user-agent' => 'Mozilla/5.0 (Windows NT 6.1; WOW64) AppleWebKit/537.36 (KHTML, like Gecko) Chrome/63.0.3239.132 Safari/537.36',
  'accept' => 'text/html,application/xhtml+xml,application/xml;q=0.9,image/webp,image/apng,*/*;q=0.8',
  'referer' => 'http://127.0.0.1/',
  'accept-encoding' => 'gzip, deflate, br',
  'accept-language' => 'zh-CN,zh;q=0.9',
  'cookie' => 'thinkphp_show_page_trace=0|0',
)
[ info ] [ PARAM ] array (
)
[ info ] [ RUN ] app\index\controller\Index->index[ D:\phpStudy\WWW\APP\application\index\controller\Index.php ]
[ info ] [ LOG ] INIT File

---------------------------------------------------------------
[ 2018-08-09T16:04:13+08:00 ] 127.0.0.1 127.0.0.1 GET /api.php
[ log ] 127.0.0.1/api.php [运行时间：0.028504s][吞吐率：35.08req/s] [内存消耗：1,484.47kb] [文件加载：45]
[ info ] [ LANG ] D:\phpStudy\WWW\APP\thinkphp\lang\zh-cn.php
[ info ] [ ROUTE ] array (
  'type' => 'module',
  'module' => 
  array (
    0 => '',
    1 => NULL,
    2 => NULL,
  ),
)
[ info ] [ HEADER ] array (
  'host' => '127.0.0.1',
  'connection' => 'keep-alive',
  'cache-control' => 'max-age=0',
  'upgrade-insecure-requests' => '1',
  'user-agent' => 'Mozilla/5.0 (Windows NT 6.1; WOW64) AppleWebKit/537.36 (KHTML, like Gecko) Chrome/63.0.3239.132 Safari/537.36',
  'accept' => 'text/html,application/xhtml+xml,application/xml;q=0.9,image/webp,image/apng,*/*;q=0.8',
  'referer' => 'http://127.0.0.1/',
  'accept-encoding' => 'gzip, deflate, br',
  'accept-language' => 'zh-CN,zh;q=0.9',
  'cookie' => 'thinkphp_show_page_trace=0|0',
)
[ info ] [ PARAM ] array (
)
[ info ] [ RUN ] app\index\controller\Index->index[ D:\phpStudy\WWW\APP\application\index\controller\Index.php ]
[ info ] [ LOG ] INIT File

---------------------------------------------------------------
[ 2018-08-09T16:04:13+08:00 ] 127.0.0.1 127.0.0.1 GET /api.php
[ log ] 127.0.0.1/api.php [运行时间：0.024503s][吞吐率：40.81req/s] [内存消耗：1,484.47kb] [文件加载：45]
[ info ] [ LANG ] D:\phpStudy\WWW\APP\thinkphp\lang\zh-cn.php
[ info ] [ ROUTE ] array (
  'type' => 'module',
  'module' => 
  array (
    0 => '',
    1 => NULL,
    2 => NULL,
  ),
)
[ info ] [ HEADER ] array (
  'host' => '127.0.0.1',
  'connection' => 'keep-alive',
  'cache-control' => 'max-age=0',
  'upgrade-insecure-requests' => '1',
  'user-agent' => 'Mozilla/5.0 (Windows NT 6.1; WOW64) AppleWebKit/537.36 (KHTML, like Gecko) Chrome/63.0.3239.132 Safari/537.36',
  'accept' => 'text/html,application/xhtml+xml,application/xml;q=0.9,image/webp,image/apng,*/*;q=0.8',
  'referer' => 'http://127.0.0.1/',
  'accept-encoding' => 'gzip, deflate, br',
  'accept-language' => 'zh-CN,zh;q=0.9',
  'cookie' => 'thinkphp_show_page_trace=0|0',
)
[ info ] [ PARAM ] array (
)
[ info ] [ RUN ] app\index\controller\Index->index[ D:\phpStudy\WWW\APP\application\index\controller\Index.php ]
[ info ] [ LOG ] INIT File

---------------------------------------------------------------
[ 2018-08-09T16:04:13+08:00 ] 127.0.0.1 127.0.0.1 GET /api.php
[ log ] 127.0.0.1/api.php [运行时间：0.024003s][吞吐率：41.66req/s] [内存消耗：1,484.47kb] [文件加载：45]
[ info ] [ LANG ] D:\phpStudy\WWW\APP\thinkphp\lang\zh-cn.php
[ info ] [ ROUTE ] array (
  'type' => 'module',
  'module' => 
  array (
    0 => '',
    1 => NULL,
    2 => NULL,
  ),
)
[ info ] [ HEADER ] array (
  'host' => '127.0.0.1',
  'connection' => 'keep-alive',
  'cache-control' => 'max-age=0',
  'upgrade-insecure-requests' => '1',
  'user-agent' => 'Mozilla/5.0 (Windows NT 6.1; WOW64) AppleWebKit/537.36 (KHTML, like Gecko) Chrome/63.0.3239.132 Safari/537.36',
  'accept' => 'text/html,application/xhtml+xml,application/xml;q=0.9,image/webp,image/apng,*/*;q=0.8',
  'referer' => 'http://127.0.0.1/',
  'accept-encoding' => 'gzip, deflate, br',
  'accept-language' => 'zh-CN,zh;q=0.9',
  'cookie' => 'thinkphp_show_page_trace=0|0',
)
[ info ] [ PARAM ] array (
)
[ info ] [ RUN ] app\index\controller\Index->index[ D:\phpStudy\WWW\APP\application\index\controller\Index.php ]
[ info ] [ LOG ] INIT File

---------------------------------------------------------------
[ 2018-08-09T16:04:14+08:00 ] 127.0.0.1 127.0.0.1 GET /api.php
[ log ] 127.0.0.1/api.php [运行时间：0.024003s][吞吐率：41.66req/s] [内存消耗：1,484.47kb] [文件加载：45]
[ info ] [ LANG ] D:\phpStudy\WWW\APP\thinkphp\lang\zh-cn.php
[ info ] [ ROUTE ] array (
  'type' => 'module',
  'module' => 
  array (
    0 => '',
    1 => NULL,
    2 => NULL,
  ),
)
[ info ] [ HEADER ] array (
  'host' => '127.0.0.1',
  'connection' => 'keep-alive',
  'cache-control' => 'max-age=0',
  'upgrade-insecure-requests' => '1',
  'user-agent' => 'Mozilla/5.0 (Windows NT 6.1; WOW64) AppleWebKit/537.36 (KHTML, like Gecko) Chrome/63.0.3239.132 Safari/537.36',
  'accept' => 'text/html,application/xhtml+xml,application/xml;q=0.9,image/webp,image/apng,*/*;q=0.8',
  'referer' => 'http://127.0.0.1/',
  'accept-encoding' => 'gzip, deflate, br',
  'accept-language' => 'zh-CN,zh;q=0.9',
  'cookie' => 'thinkphp_show_page_trace=0|0',
)
[ info ] [ PARAM ] array (
)
[ info ] [ RUN ] app\index\controller\Index->index[ D:\phpStudy\WWW\APP\application\index\controller\Index.php ]
[ info ] [ LOG ] INIT File

---------------------------------------------------------------
[ 2018-08-09T16:04:14+08:00 ] 127.0.0.1 127.0.0.1 GET /api.php
[ log ] 127.0.0.1/api.php [运行时间：0.024003s][吞吐率：41.66req/s] [内存消耗：1,484.47kb] [文件加载：45]
[ info ] [ LANG ] D:\phpStudy\WWW\APP\thinkphp\lang\zh-cn.php
[ info ] [ ROUTE ] array (
  'type' => 'module',
  'module' => 
  array (
    0 => '',
    1 => NULL,
    2 => NULL,
  ),
)
[ info ] [ HEADER ] array (
  'host' => '127.0.0.1',
  'connection' => 'keep-alive',
  'cache-control' => 'max-age=0',
  'upgrade-insecure-requests' => '1',
  'user-agent' => 'Mozilla/5.0 (Windows NT 6.1; WOW64) AppleWebKit/537.36 (KHTML, like Gecko) Chrome/63.0.3239.132 Safari/537.36',
  'accept' => 'text/html,application/xhtml+xml,application/xml;q=0.9,image/webp,image/apng,*/*;q=0.8',
  'referer' => 'http://127.0.0.1/',
  'accept-encoding' => 'gzip, deflate, br',
  'accept-language' => 'zh-CN,zh;q=0.9',
  'cookie' => 'thinkphp_show_page_trace=0|0',
)
[ info ] [ PARAM ] array (
)
[ info ] [ RUN ] app\index\controller\Index->index[ D:\phpStudy\WWW\APP\application\index\controller\Index.php ]
[ info ] [ LOG ] INIT File

---------------------------------------------------------------
[ 2018-08-09T16:07:17+08:00 ] 127.0.0.1 127.0.0.1 GET /api.php
[ log ] 127.0.0.1/api.php [运行时间：0.028503s][吞吐率：35.08req/s] [内存消耗：1,484.47kb] [文件加载：45]
[ info ] [ LANG ] D:\phpStudy\WWW\APP\thinkphp\lang\zh-cn.php
[ info ] [ ROUTE ] array (
  'type' => 'module',
  'module' => 
  array (
    0 => '',
    1 => NULL,
    2 => NULL,
  ),
)
[ info ] [ HEADER ] array (
  'host' => '127.0.0.1',
  'connection' => 'keep-alive',
  'cache-control' => 'max-age=0',
  'upgrade-insecure-requests' => '1',
  'user-agent' => 'Mozilla/5.0 (Windows NT 6.1; WOW64) AppleWebKit/537.36 (KHTML, like Gecko) Chrome/63.0.3239.132 Safari/537.36',
  'accept' => 'text/html,application/xhtml+xml,application/xml;q=0.9,image/webp,image/apng,*/*;q=0.8',
  'referer' => 'http://127.0.0.1/',
  'accept-encoding' => 'gzip, deflate, br',
  'accept-language' => 'zh-CN,zh;q=0.9',
  'cookie' => 'thinkphp_show_page_trace=0|0',
)
[ info ] [ PARAM ] array (
)
[ info ] [ RUN ] app\index\controller\Index->index[ D:\phpStudy\WWW\APP\application\index\controller\Index.php ]
[ info ] [ LOG ] INIT File

---------------------------------------------------------------
